2023-10-09 13:44:35 [INFO] Question: Which are the 5 happiest countries?
2023-10-09 13:44:35 [INFO] Running PandasAI with openai LLM...
2023-10-09 13:44:35 [INFO] Prompt ID: 45a56f05-dc75-427e-b6ad-5ff113e2a892
2023-10-09 13:44:35 [INFO] Using prompt: 
You are provided with the following pandas DataFrames:

<dataframe>
Dataframe dfs[0], with 10 rows and 3 columns.
This is the metadata of the dataframe dfs[0]:
country,gdp,happiness_index
United Kingdom,8056731081,7.16
United States,7254971297,6.94
Italy,7266357035,6.38
France,1622903454,6.66
Germany,8461890596,7.07
</dataframe>

<conversation>
User 1: Which are the 5 happiest countries?
</conversation>

This is the initial python code to be updated:
```python
# TODO import all the dependencies required
import pandas as pd

def analyze_data(dfs: list[pd.DataFrame]) -> dict:
    """
    Analyze the data
    1. Prepare: Preprocessing and cleaning data if necessary
    2. Process: Manipulating data for analysis (grouping, filtering, aggregating, etc.)
    3. Analyze: Conducting the actual analysis (if the user asks to plot a chart save it to an image in temp_chart.png and do not show the chart.)
    At the end, return a dictionary of:
    - type (possible values "string", "number", "dataframe", "plot")
    - value (can be a string, a dataframe or the path of the plot, NOT a dictionary)
    Examples: 
        { "type": "string", "value": "The highest salary is $9,000." }
        or
        { "type": "number", "value": 125 }
        or
        { "type": "dataframe", "value": pd.DataFrame({...}) }
        or
        { "type": "plot", "value": "temp_chart.png" }
    """
```

Using the provided dataframes (`dfs`), update the python code based on the last question in the conversation.

Updated code:

2023-10-09 13:45:18 [INFO] Code generated:
```
# TODO import all the dependencies required
import pandas as pd

def analyze_data(dfs: list[pd.DataFrame]) -> dict:
    """
    Analyze the data
    1. Prepare: Preprocessing and cleaning data if necessary
    2. Process: Manipulating data for analysis (grouping, filtering, aggregating, etc.)
    3. Analyze: Conducting the actual analysis (if the user asks to plot a chart save it to an image in temp_chart.png and do not show the chart.)
    At the end, return a dictionary of:
    - type (possible values "string", "number", "dataframe", "plot")
    - value (can be a string, a dataframe or the path of the plot, NOT a dictionary)
    Examples: 
        { "type": "string", "value": "The highest salary is $9,000." }
        or
        { "type": "number", "value": 125 }
        or
        { "type": "dataframe", "value": pd.DataFrame({...}) }
        or
        { "type": "plot", "value": "temp_chart.png" }
    """
    # Process: Manipulating data for analysis
    df = dfs[0]
    sorted_df = df.sort_values(by='happiness_index', ascending=False)
    top_5_countries = sorted_df.head(5)['country'].tolist()
    
    # Analyze: Conducting the actual analysis
    result = ", ".join(top_5_countries)
    
    return {"type": "string", "value": result}
```

2023-10-09 13:45:18 [INFO] 
Code running:
```
def analyze_data(dfs: list[pd.DataFrame]) ->dict:
    """
    Analyze the data
    1. Prepare: Preprocessing and cleaning data if necessary
    2. Process: Manipulating data for analysis (grouping, filtering, aggregating, etc.)
    3. Analyze: Conducting the actual analysis (if the user asks to plot a chart save it to an image in temp_chart.png and do not show the chart.)
    At the end, return a dictionary of:
    - type (possible values "string", "number", "dataframe", "plot")
    - value (can be a string, a dataframe or the path of the plot, NOT a dictionary)
    Examples: 
        { "type": "string", "value": "The highest salary is $9,000." }
        or
        { "type": "number", "value": 125 }
        or
        { "type": "dataframe", "value": pd.DataFrame({...}) }
        or
        { "type": "plot", "value": "temp_chart.png" }
    """
    df = dfs[0]
    sorted_df = df.sort_values(by='happiness_index', ascending=False)
    top_5_countries = sorted_df.head(5)['country'].tolist()
    result = ', '.join(top_5_countries)
    return {'type': 'string', 'value': result}
        ```
2023-10-09 13:45:18 [INFO] Answer: {'type': 'string', 'value': 'Canada, Australia, United Kingdom, Germany, United States'}
2023-10-09 13:45:18 [INFO] Executed in: 43.14956450462341s
2023-10-09 13:56:21 [INFO] Question: What is this dataset about?
2023-10-09 13:56:21 [INFO] Running PandasAI with openai LLM...
2023-10-09 13:56:21 [INFO] Prompt ID: 774a9a52-42c6-448e-9f7c-32037521c460
2023-10-09 13:56:21 [INFO] Using prompt: 
You are provided with the following pandas DataFrames:

<dataframe>
Dataframe dfs[0], with 100 rows and 26 columns.
This is the metadata of the dataframe dfs[0]:
#,School Name,Location by primary campus,Careers service rank,International board (%),International course experience rank,Internships (%),Threeyear average,Faculty with doctorates (%),International work mobility rank,Rank in 2020,Rank in 2021,Average course length (months),Overall satisfaction,Women on board (%),Female students (%),Female faculty (%),Career progress rank,Salary percentage increase,Programme name,Weighted salary (US$),Value for money rank,Employed at three months (%),International faculty (%),International students (%),Aims achieved (%)
1,University of St Gallen,Switzerland,1,53,9,100,1.0,100,3,1.0,1.0,26.0,9.76,33,53,24,69,62.25,Master of Arts in Stra...,"138,091",15,97 (100),83,93,95.573
5,ESCP Business School,France,49,95,4,100,6.0,100,19,6.0,7.0,18.0,8.82,68,50,39,64,52.11,Master in Management *...,"95,742",78,99 (99),86,94,85.947
2,HEC Paris,France,16,83,14,85,2.0,96,11,2.0,2.0,18.0,9.09,42,45,30,52,76.62,Master in Management *...,"118,999",44,99 (93),64,56,91.102
4,Stockholm School of Economics,Sweden,8,43,8,100,6.0,96,4,7.0,8.0,23.6,9.36,43,47,34,33,56.22,Master Program in Inte...,"92,235",20,87 (100),48,78,86.973
3,"Rotterdam School of Management, Erasmus University",Netherlands,32,12,28,97,4.0,96,1,5.0,5.0,19.0,9.18,35,50,30,31,60.51,MSc International Mana...,"101,961",23,97 (95),56,59,87.263
</dataframe>

<conversation>
User 1: What is this dataset about?
</conversation>

This is the initial python code to be updated:
```python
# TODO import all the dependencies required
import pandas as pd

def analyze_data(dfs: list[pd.DataFrame]) -> dict:
    """
    Analyze the data
    1. Prepare: Preprocessing and cleaning data if necessary
    2. Process: Manipulating data for analysis (grouping, filtering, aggregating, etc.)
    3. Analyze: Conducting the actual analysis (if the user asks to plot a chart save it to an image in temp_chart.png and do not show the chart.)
    At the end, return a dictionary of:
    - type (possible values "string", "number", "dataframe", "plot")
    - value (can be a string, a dataframe or the path of the plot, NOT a dictionary)
    Examples: 
        { "type": "string", "value": "The highest salary is $9,000." }
        or
        { "type": "number", "value": 125 }
        or
        { "type": "dataframe", "value": pd.DataFrame({...}) }
        or
        { "type": "plot", "value": "temp_chart.png" }
    """
```

Using the provided dataframes (`dfs`), update the python code based on the last question in the conversation.

Updated code:

2023-10-09 13:57:06 [INFO] Code generated:
```
# TODO import all the dependencies required
import pandas as pd

def analyze_data(dfs: list[pd.DataFrame]) -> dict:
    """
    Analyze the data
    1. Prepare: Preprocessing and cleaning data if necessary
    2. Process: Manipulating data for analysis (grouping, filtering, aggregating, etc.)
    3. Analyze: Conducting the actual analysis (if the user asks to plot a chart save it to an image in temp_chart.png and do not show the chart.)
    At the end, return a dictionary of:
    - type (possible values "string", "number", "dataframe", "plot")
    - value (can be a string, a dataframe or the path of the plot, NOT a dictionary)
    Examples: 
        { "type": "string", "value": "The highest salary is $9,000." }
        or
        { "type": "number", "value": 125 }
        or
        { "type": "dataframe", "value": pd.DataFrame({...}) }
        or
        { "type": "plot", "value": "temp_chart.png" }
    """
    # Prepare: No preprocessing or cleaning required for this dataset
    
    # Process: Extracting information about the dataset
    num_rows = dfs[0].shape[0]
    num_cols = dfs[0].shape[1]
    columns = dfs[0].columns.tolist()
    
    # Analyze: Providing information about the dataset
    result = {
        "type": "string",
        "value": f"The dataset contains {num_rows} rows and {num_cols} columns. The columns are: {', '.join(columns)}."
    }
    
    return result
```

2023-10-09 13:57:06 [INFO] 
Code running:
```
def analyze_data(dfs: list[pd.DataFrame]) ->dict:
    """
    Analyze the data
    1. Prepare: Preprocessing and cleaning data if necessary
    2. Process: Manipulating data for analysis (grouping, filtering, aggregating, etc.)
    3. Analyze: Conducting the actual analysis (if the user asks to plot a chart save it to an image in temp_chart.png and do not show the chart.)
    At the end, return a dictionary of:
    - type (possible values "string", "number", "dataframe", "plot")
    - value (can be a string, a dataframe or the path of the plot, NOT a dictionary)
    Examples: 
        { "type": "string", "value": "The highest salary is $9,000." }
        or
        { "type": "number", "value": 125 }
        or
        { "type": "dataframe", "value": pd.DataFrame({...}) }
        or
        { "type": "plot", "value": "temp_chart.png" }
    """
    num_rows = dfs[0].shape[0]
    num_cols = dfs[0].shape[1]
    columns = dfs[0].columns.tolist()
    result = {'type': 'string', 'value': f"The dataset contains {num_rows} rows and {num_cols} columns. The columns are: {', '.join(columns)}."}
    return result
        ```
2023-10-09 13:57:06 [INFO] Answer: {'type': 'string', 'value': 'The dataset contains 100 rows and 26 columns. The columns are: #, School Name, Location by primary campus, Careers service rank, International board (%), International course experience rank, Internships (%), Threeyear average, Faculty with doctorates (%), International work mobility rank, Rank in 2020, Rank in 2021, Average course length (months), Overall satisfaction, Women on board (%), Female students (%), Female faculty (%), Career progress rank, Salary percentage increase, Programme name, Weighted salary (US$), Value for money rank, Employed at three months (%), International faculty (%), International students (%), Aims achieved (%).'}
2023-10-09 13:57:06 [INFO] Executed in: 45.153522968292236s
2023-10-09 13:58:41 [INFO] Question: what factors influence the ranking of the university
2023-10-09 13:58:41 [INFO] Running PandasAI with openai LLM...
2023-10-09 13:58:41 [INFO] Prompt ID: f30c1250-ab23-425b-8517-749acec8c545
2023-10-09 13:58:41 [INFO] Using prompt: 
You are provided with the following pandas DataFrames:

<dataframe>
Dataframe dfs[0], with 100 rows and 26 columns.
This is the metadata of the dataframe dfs[0]:
#,School Name,Location by primary campus,Careers service rank,International board (%),International course experience rank,Internships (%),Threeyear average,Faculty with doctorates (%),International work mobility rank,Rank in 2020,Rank in 2021,Average course length (months),Overall satisfaction,Women on board (%),Female students (%),Female faculty (%),Career progress rank,Salary percentage increase,Programme name,Weighted salary (US$),Value for money rank,Employed at three months (%),International faculty (%),International students (%),Aims achieved (%)
1,University of St Gallen,Switzerland,1,53,9,100,1.0,100,3,1.0,1.0,26.0,9.76,33,53,24,69,62.25,Master of Arts in Stra...,"138,091",15,97 (100),83,93,95.573
5,ESCP Business School,France,49,95,4,100,6.0,100,19,6.0,7.0,18.0,8.82,68,50,39,64,52.11,Master in Management *...,"95,742",78,99 (99),86,94,85.947
2,HEC Paris,France,16,83,14,85,2.0,96,11,2.0,2.0,18.0,9.09,42,45,30,52,76.62,Master in Management *...,"118,999",44,99 (93),64,56,91.102
4,Stockholm School of Economics,Sweden,8,43,8,100,6.0,96,4,7.0,8.0,23.6,9.36,43,47,34,33,56.22,Master Program in Inte...,"92,235",20,87 (100),48,78,86.973
3,"Rotterdam School of Management, Erasmus University",Netherlands,32,12,28,97,4.0,96,1,5.0,5.0,19.0,9.18,35,50,30,31,60.51,MSc International Mana...,"101,961",23,97 (95),56,59,87.263
</dataframe>

<conversation>
User 1: what factors influence the ranking of the university
</conversation>

This is the initial python code to be updated:
```python
# TODO import all the dependencies required
import pandas as pd

def analyze_data(dfs: list[pd.DataFrame]) -> dict:
    """
    Analyze the data
    1. Prepare: Preprocessing and cleaning data if necessary
    2. Process: Manipulating data for analysis (grouping, filtering, aggregating, etc.)
    3. Analyze: Conducting the actual analysis (if the user asks to plot a chart save it to an image in temp_chart.png and do not show the chart.)
    At the end, return a dictionary of:
    - type (possible values "string", "number", "dataframe", "plot")
    - value (can be a string, a dataframe or the path of the plot, NOT a dictionary)
    Examples: 
        { "type": "string", "value": "The highest salary is $9,000." }
        or
        { "type": "number", "value": 125 }
        or
        { "type": "dataframe", "value": pd.DataFrame({...}) }
        or
        { "type": "plot", "value": "temp_chart.png" }
    """
```

Using the provided dataframes (`dfs`), update the python code based on the last question in the conversation.

Updated code:

2023-10-09 13:59:34 [INFO] Code generated:
```
# TODO import all the dependencies required
import pandas as pd

def analyze_data(dfs: list[pd.DataFrame]) -> dict:
    """
    Analyze the data
    1. Prepare: Preprocessing and cleaning data if necessary
    2. Process: Manipulating data for analysis (grouping, filtering, aggregating, etc.)
    3. Analyze: Conducting the actual analysis (if the user asks to plot a chart save it to an image in temp_chart.png and do not show the chart.)
    At the end, return a dictionary of:
    - type (possible values "string", "number", "dataframe", "plot")
    - value (can be a string, a dataframe or the path of the plot, NOT a dictionary)
    Examples: 
        { "type": "string", "value": "The highest salary is $9,000." }
        or
        { "type": "number", "value": 125 }
        or
        { "type": "dataframe", "value": pd.DataFrame({...}) }
        or
        { "type": "plot", "value": "temp_chart.png" }
    """
    # Prepare: Preprocessing and cleaning data if necessary
    
    # Process: Manipulating data for analysis
    
    # Analyze: Conducting the actual analysis
    
    # Factors that influence the ranking of the university
    factors = ["Careers service rank", "International board (%)", "International course experience rank", "Internships (%)", "Threeyear average", "Faculty with doctorates (%)", "International work mobility rank", "Average course length (months)", "Overall satisfaction", "Women on board (%)", "Female students (%)", "Female faculty (%)", "Career progress rank", "Salary percentage increase", "Value for money rank", "Employed at three months (%)", "International faculty (%)", "International students (%)", "Aims achieved (%)"]
    
    return {"type": "string", "value": f"The factors that influence the ranking of the university are: {', '.join(factors)}."}
```

2023-10-09 13:59:34 [INFO] 
Code running:
```
def analyze_data(dfs: list[pd.DataFrame]) ->dict:
    """
    Analyze the data
    1. Prepare: Preprocessing and cleaning data if necessary
    2. Process: Manipulating data for analysis (grouping, filtering, aggregating, etc.)
    3. Analyze: Conducting the actual analysis (if the user asks to plot a chart save it to an image in temp_chart.png and do not show the chart.)
    At the end, return a dictionary of:
    - type (possible values "string", "number", "dataframe", "plot")
    - value (can be a string, a dataframe or the path of the plot, NOT a dictionary)
    Examples: 
        { "type": "string", "value": "The highest salary is $9,000." }
        or
        { "type": "number", "value": 125 }
        or
        { "type": "dataframe", "value": pd.DataFrame({...}) }
        or
        { "type": "plot", "value": "temp_chart.png" }
    """
    factors = ['Careers service rank', 'International board (%)', 'International course experience rank', 'Internships (%)', 'Threeyear average', 'Faculty with doctorates (%)', 'International work mobility rank', 'Average course length (months)', 'Overall satisfaction', 'Women on board (%)', 'Female students (%)', 'Female faculty (%)', 'Career progress rank', 'Salary percentage increase', 'Value for money rank', 'Employed at three months (%)', 'International faculty (%)', 'International students (%)', 'Aims achieved (%)']
    return {'type': 'string', 'value': f"The factors that influence the ranking of the university are: {', '.join(factors)}."}
        ```
2023-10-09 13:59:34 [INFO] Answer: {'type': 'string', 'value': 'The factors that influence the ranking of the university are: Careers service rank, International board (%), International course experience rank, Internships (%), Threeyear average, Faculty with doctorates (%), International work mobility rank, Average course length (months), Overall satisfaction, Women on board (%), Female students (%), Female faculty (%), Career progress rank, Salary percentage increase, Value for money rank, Employed at three months (%), International faculty (%), International students (%), Aims achieved (%).'}
2023-10-09 13:59:34 [INFO] Executed in: 53.16653633117676s
2023-10-09 14:01:12 [INFO] Question: How can I go about doing EDA for understanding the rankings of the universities
2023-10-09 14:01:12 [INFO] Running PandasAI with openai LLM...
2023-10-09 14:01:12 [INFO] Prompt ID: 448bd39a-384d-4bc1-8aaf-8040b80aca36
2023-10-09 14:01:12 [INFO] Using prompt: 
You are provided with the following pandas DataFrames:

<dataframe>
Dataframe dfs[0], with 100 rows and 26 columns.
This is the metadata of the dataframe dfs[0]:
#,School Name,Location by primary campus,Careers service rank,International board (%),International course experience rank,Internships (%),Threeyear average,Faculty with doctorates (%),International work mobility rank,Rank in 2020,Rank in 2021,Average course length (months),Overall satisfaction,Women on board (%),Female students (%),Female faculty (%),Career progress rank,Salary percentage increase,Programme name,Weighted salary (US$),Value for money rank,Employed at three months (%),International faculty (%),International students (%),Aims achieved (%)
1,University of St Gallen,Switzerland,1,53,9,100,1.0,100,3,1.0,1.0,26.0,9.76,33,53,24,69,62.25,Master of Arts in Stra...,"138,091",15,97 (100),83,93,95.573
5,ESCP Business School,France,49,95,4,100,6.0,100,19,6.0,7.0,18.0,8.82,68,50,39,64,52.11,Master in Management *...,"95,742",78,99 (99),86,94,85.947
2,HEC Paris,France,16,83,14,85,2.0,96,11,2.0,2.0,18.0,9.09,42,45,30,52,76.62,Master in Management *...,"118,999",44,99 (93),64,56,91.102
4,Stockholm School of Economics,Sweden,8,43,8,100,6.0,96,4,7.0,8.0,23.6,9.36,43,47,34,33,56.22,Master Program in Inte...,"92,235",20,87 (100),48,78,86.973
3,"Rotterdam School of Management, Erasmus University",Netherlands,32,12,28,97,4.0,96,1,5.0,5.0,19.0,9.18,35,50,30,31,60.51,MSc International Mana...,"101,961",23,97 (95),56,59,87.263
</dataframe>

<conversation>
User 1: How can I go about doing EDA for understanding the rankings of the universities
</conversation>

This is the initial python code to be updated:
```python
# TODO import all the dependencies required
import pandas as pd

def analyze_data(dfs: list[pd.DataFrame]) -> dict:
    """
    Analyze the data
    1. Prepare: Preprocessing and cleaning data if necessary
    2. Process: Manipulating data for analysis (grouping, filtering, aggregating, etc.)
    3. Analyze: Conducting the actual analysis (if the user asks to plot a chart save it to an image in temp_chart.png and do not show the chart.)
    At the end, return a dictionary of:
    - type (possible values "string", "number", "dataframe", "plot")
    - value (can be a string, a dataframe or the path of the plot, NOT a dictionary)
    Examples: 
        { "type": "string", "value": "The highest salary is $9,000." }
        or
        { "type": "number", "value": 125 }
        or
        { "type": "dataframe", "value": pd.DataFrame({...}) }
        or
        { "type": "plot", "value": "temp_chart.png" }
    """
```

Using the provided dataframes (`dfs`), update the python code based on the last question in the conversation.

Updated code:

2023-10-09 14:02:02 [INFO] Code generated:
```
# TODO import all the dependencies required
import pandas as pd

def analyze_data(dfs: list[pd.DataFrame]) -> dict:
    """
    Analyze the data
    1. Prepare: Preprocessing and cleaning data if necessary
    2. Process: Manipulating data for analysis (grouping, filtering, aggregating, etc.)
    3. Analyze: Conducting the actual analysis (if the user asks to plot a chart save it to an image in temp_chart.png and do not show the chart.)
    At the end, return a dictionary of:
    - type (possible values "string", "number", "dataframe", "plot")
    - value (can be a string, a dataframe or the path of the plot, NOT a dictionary)
    Examples: 
        { "type": "string", "value": "The highest salary is $9,000." }
        or
        { "type": "number", "value": 125 }
        or
        { "type": "dataframe", "value": pd.DataFrame({...}) }
        or
        { "type": "plot", "value": "temp_chart.png" }
    """
    # Prepare: Preprocessing and cleaning data if necessary
    df = dfs[0]
    
    # Process: Manipulating data for analysis
    # Grouping by rank and calculating the average salary
    avg_salary_by_rank = df.groupby('Rank in 2021')['Weighted salary (US$)'].mean()
    
    # Analyze: Conducting the actual analysis
    # Plotting the average salary by rank
    ax = avg_salary_by_rank.plot(kind='bar', figsize=(10, 6))
    ax.set_xlabel('Rank')
    ax.set_ylabel('Average Salary (US$)')
    ax.set_title('Average Salary by Rank')
    plt.savefig('temp_chart.png')
    plt.close()
    
    return { "type": "plot", "value": "temp_chart.png" }
```

2023-10-09 14:02:02 [INFO] 
Code running:
```
def analyze_data(dfs: list[pd.DataFrame]) ->dict:
    """
    Analyze the data
    1. Prepare: Preprocessing and cleaning data if necessary
    2. Process: Manipulating data for analysis (grouping, filtering, aggregating, etc.)
    3. Analyze: Conducting the actual analysis (if the user asks to plot a chart save it to an image in temp_chart.png and do not show the chart.)
    At the end, return a dictionary of:
    - type (possible values "string", "number", "dataframe", "plot")
    - value (can be a string, a dataframe or the path of the plot, NOT a dictionary)
    Examples: 
        { "type": "string", "value": "The highest salary is $9,000." }
        or
        { "type": "number", "value": 125 }
        or
        { "type": "dataframe", "value": pd.DataFrame({...}) }
        or
        { "type": "plot", "value": "temp_chart.png" }
    """
    df = dfs[0]
    avg_salary_by_rank = df.groupby('Rank in 2021')['Weighted salary (US$)'].mean()
    ax = avg_salary_by_rank.plot(kind='bar', figsize=(10, 6))
    ax.set_xlabel('Rank')
    ax.set_ylabel('Average Salary (US$)')
    ax.set_title('Average Salary by Rank')
    plt.savefig('temp_chart.png')
    plt.close()
    return {'type': 'plot', 'value': 'temp_chart.png'}
        ```
2023-10-09 14:02:02 [WARNING] Error of executing code
2023-10-09 14:02:03 [WARNING] Failed to execute code with a correction framework [retry number: 1]
2023-10-09 14:02:03 [ERROR] Failed with error: Traceback (most recent call last):
  File "C:\Users\gupta\anaconda3\Lib\site-packages\pandas\core\groupby\groupby.py", line 1791, in array_func
    result = self.grouper._cython_operation(
             ^^^^^^^^^^^^^^^^^^^^^^^^^^^^^^^
  File "C:\Users\gupta\anaconda3\Lib\site-packages\pandas\core\groupby\ops.py", line 1039, in _cython_operation
    return cy_op.cython_operation(
           ^^^^^^^^^^^^^^^^^^^^^^^
  File "C:\Users\gupta\anaconda3\Lib\site-packages\pandas\core\groupby\ops.py", line 708, in cython_operation
    return self._cython_op_ndim_compat(
           ^^^^^^^^^^^^^^^^^^^^^^^^^^^^
  File "C:\Users\gupta\anaconda3\Lib\site-packages\pandas\core\groupby\ops.py", line 512, in _cython_op_ndim_compat
    res = self._call_cython_op(
          ^^^^^^^^^^^^^^^^^^^^^
  File "C:\Users\gupta\anaconda3\Lib\site-packages\pandas\core\groupby\ops.py", line 571, in _call_cython_op
    func = self._get_cython_function(self.kind, self.how, values.dtype, is_numeric)
           ^^^^^^^^^^^^^^^^^^^^^^^^^^^^^^^^^^^^^^^^^^^^^^^^^^^^^^^^^^^^^^^^^^^^^^^^
  File "C:\Users\gupta\anaconda3\Lib\site-packages\pandas\core\groupby\ops.py", line 192, in _get_cython_function
    raise NotImplementedError(
NotImplementedError: function is not implemented for this dtype: [how->mean,dtype->object]

During handling of the above exception, another exception occurred:

Traceback (most recent call last):
  File "C:\Users\gupta\anaconda3\Lib\site-packages\pandas\core\nanops.py", line 1630, in _ensure_numeric
    x = float(x)
        ^^^^^^^^
ValueError: could not convert string to float: '138,091'

During handling of the above exception, another exception occurred:

Traceback (most recent call last):
  File "C:\Users\gupta\anaconda3\Lib\site-packages\pandas\core\nanops.py", line 1634, in _ensure_numeric
    x = complex(x)
        ^^^^^^^^^^
ValueError: complex() arg is a malformed string

The above exception was the direct cause of the following exception:

Traceback (most recent call last):
  File "C:\Users\gupta\anaconda3\Lib\site-packages\pandasai\smart_datalake\__init__.py", line 337, in chat
    result = self._code_manager.execute_code(
             ^^^^^^^^^^^^^^^^^^^^^^^^^^^^^^^^
  File "C:\Users\gupta\anaconda3\Lib\site-packages\pandasai\helpers\code_manager.py", line 244, in execute_code
    return analyze_data(self._get_originals(dfs))
           ^^^^^^^^^^^^^^^^^^^^^^^^^^^^^^^^^^^^^^
  File "<string>", line 20, in analyze_data
  File "C:\Users\gupta\anaconda3\Lib\site-packages\pandas\core\groupby\groupby.py", line 2183, in mean
    result = self._cython_agg_general(
             ^^^^^^^^^^^^^^^^^^^^^^^^^
  File "C:\Users\gupta\anaconda3\Lib\site-packages\pandas\core\groupby\groupby.py", line 1810, in _cython_agg_general
    new_mgr = data.grouped_reduce(array_func, ignore_failures=ignore_failures)
              ^^^^^^^^^^^^^^^^^^^^^^^^^^^^^^^^^^^^^^^^^^^^^^^^^^^^^^^^^^^^^^^^
  File "C:\Users\gupta\anaconda3\Lib\site-packages\pandas\core\internals\base.py", line 199, in grouped_reduce
    res = func(arr)
          ^^^^^^^^^
  File "C:\Users\gupta\anaconda3\Lib\site-packages\pandas\core\groupby\groupby.py", line 1804, in array_func
    result = self._agg_py_fallback(values, ndim=data.ndim, alt=alt)
             ^^^^^^^^^^^^^^^^^^^^^^^^^^^^^^^^^^^^^^^^^^^^^^^^^^^^^^
  File "C:\Users\gupta\anaconda3\Lib\site-packages\pandas\core\groupby\groupby.py", line 1745, in _agg_py_fallback
    res_values = self.grouper.agg_series(ser, alt, preserve_dtype=True)
                 ^^^^^^^^^^^^^^^^^^^^^^^^^^^^^^^^^^^^^^^^^^^^^^^^^^^^^^
  File "C:\Users\gupta\anaconda3\Lib\site-packages\pandas\core\groupby\ops.py", line 1081, in agg_series
    result = self._aggregate_series_pure_python(obj, func)
             ^^^^^^^^^^^^^^^^^^^^^^^^^^^^^^^^^^^^^^^^^^^^^
  File "C:\Users\gupta\anaconda3\Lib\site-packages\pandas\core\groupby\ops.py", line 1104, in _aggregate_series_pure_python
    res = func(group)
          ^^^^^^^^^^^
  File "C:\Users\gupta\anaconda3\Lib\site-packages\pandas\core\groupby\groupby.py", line 2185, in <lambda>
    alt=lambda x: Series(x).mean(numeric_only=numeric_only_bool),
                  ^^^^^^^^^^^^^^^^^^^^^^^^^^^^^^^^^^^^^^^^^^^^^^
  File "C:\Users\gupta\anaconda3\Lib\site-packages\pandas\core\generic.py", line 11847, in mean
    return NDFrame.mean(self, axis, skipna, level, numeric_only, **kwargs)
           ^^^^^^^^^^^^^^^^^^^^^^^^^^^^^^^^^^^^^^^^^^^^^^^^^^^^^^^^^^^^^^^
  File "C:\Users\gupta\anaconda3\Lib\site-packages\pandas\core\generic.py", line 11401, in mean
    return self._stat_function(
           ^^^^^^^^^^^^^^^^^^^^
  File "C:\Users\gupta\anaconda3\Lib\site-packages\pandas\core\generic.py", line 11353, in _stat_function
    return self._reduce(
           ^^^^^^^^^^^^^
  File "C:\Users\gupta\anaconda3\Lib\site-packages\pandas\core\series.py", line 4816, in _reduce
    return op(delegate, skipna=skipna, **kwds)
           ^^^^^^^^^^^^^^^^^^^^^^^^^^^^^^^^^^^
  File "C:\Users\gupta\anaconda3\Lib\site-packages\pandas\core\nanops.py", line 93, in _f
    return f(*args, **kwargs)
           ^^^^^^^^^^^^^^^^^^
  File "C:\Users\gupta\anaconda3\Lib\site-packages\pandas\core\nanops.py", line 155, in f
    result = alt(values, axis=axis, skipna=skipna, **kwds)
             ^^^^^^^^^^^^^^^^^^^^^^^^^^^^^^^^^^^^^^^^^^^^^
  File "C:\Users\gupta\anaconda3\Lib\site-packages\pandas\core\nanops.py", line 418, in new_func
    result = func(values, axis=axis, skipna=skipna, mask=mask, **kwargs)
             ^^^^^^^^^^^^^^^^^^^^^^^^^^^^^^^^^^^^^^^^^^^^^^^^^^^^^^^^^^^
  File "C:\Users\gupta\anaconda3\Lib\site-packages\pandas\core\nanops.py", line 706, in nanmean
    the_sum = _ensure_numeric(values.sum(axis, dtype=dtype_sum))
              ^^^^^^^^^^^^^^^^^^^^^^^^^^^^^^^^^^^^^^^^^^^^^^^^^^
  File "C:\Users\gupta\anaconda3\Lib\site-packages\pandas\core\nanops.py", line 1637, in _ensure_numeric
    raise TypeError(f"Could not convert {x} to numeric") from err
TypeError: Could not convert 138,091 to numeric
. Retrying
2023-10-09 14:02:03 [INFO] Using prompt: 
You are provided with the following pandas DataFrames with the following metadata:

<dataframe>
Dataframe dfs[0], with 100 rows and 26 columns.
This is the metadata of the dataframe dfs[0]:
#,School Name,Location by primary campus,Careers service rank,International board (%),International course experience rank,Internships (%),Threeyear average,Faculty with doctorates (%),International work mobility rank,Rank in 2020,Rank in 2021,Average course length (months),Overall satisfaction,Women on board (%),Female students (%),Female faculty (%),Career progress rank,Salary percentage increase,Programme name,Weighted salary (US$),Value for money rank,Employed at three months (%),International faculty (%),International students (%),Aims achieved (%)
1,University of St Gallen,Switzerland,1,53,9,100,1.0,100,3,1.0,1.0,26.0,9.76,33,53,24,69,62.25,Master of Arts in Stra...,"138,091",15,97 (100),83,93,95.573
5,ESCP Business School,France,49,95,4,100,6.0,100,19,6.0,7.0,18.0,8.82,68,50,39,64,52.11,Master in Management *...,"95,742",78,99 (99),86,94,85.947
2,HEC Paris,France,16,83,14,85,2.0,96,11,2.0,2.0,18.0,9.09,42,45,30,52,76.62,Master in Management *...,"118,999",44,99 (93),64,56,91.102
4,Stockholm School of Economics,Sweden,8,43,8,100,6.0,96,4,7.0,8.0,23.6,9.36,43,47,34,33,56.22,Master Program in Inte...,"92,235",20,87 (100),48,78,86.973
3,"Rotterdam School of Management, Erasmus University",Netherlands,32,12,28,97,4.0,96,1,5.0,5.0,19.0,9.18,35,50,30,31,60.51,MSc International Mana...,"101,961",23,97 (95),56,59,87.263
</dataframe>

The user asked the following question:
User 1: How can I go about doing EDA for understanding the rankings of the universities

You generated this python code:
# TODO import all the dependencies required
import pandas as pd

def analyze_data(dfs: list[pd.DataFrame]) -> dict:
    """
    Analyze the data
    1. Prepare: Preprocessing and cleaning data if necessary
    2. Process: Manipulating data for analysis (grouping, filtering, aggregating, etc.)
    3. Analyze: Conducting the actual analysis (if the user asks to plot a chart save it to an image in temp_chart.png and do not show the chart.)
    At the end, return a dictionary of:
    - type (possible values "string", "number", "dataframe", "plot")
    - value (can be a string, a dataframe or the path of the plot, NOT a dictionary)
    Examples: 
        { "type": "string", "value": "The highest salary is $9,000." }
        or
        { "type": "number", "value": 125 }
        or
        { "type": "dataframe", "value": pd.DataFrame({...}) }
        or
        { "type": "plot", "value": "temp_chart.png" }
    """
    # Prepare: Preprocessing and cleaning data if necessary
    df = dfs[0]
    
    # Process: Manipulating data for analysis
    # Grouping by rank and calculating the average salary
    avg_salary_by_rank = df.groupby('Rank in 2021')['Weighted salary (US$)'].mean()
    
    # Analyze: Conducting the actual analysis
    # Plotting the average salary by rank
    ax = avg_salary_by_rank.plot(kind='bar', figsize=(10, 6))
    ax.set_xlabel('Rank')
    ax.set_ylabel('Average Salary (US$)')
    ax.set_title('Average Salary by Rank')
    plt.savefig('temp_chart.png')
    plt.close()
    
    return { "type": "plot", "value": "temp_chart.png" }

It fails with the following error:
Traceback (most recent call last):
  File "C:\Users\gupta\anaconda3\Lib\site-packages\pandas\core\groupby\groupby.py", line 1791, in array_func
    result = self.grouper._cython_operation(
             ^^^^^^^^^^^^^^^^^^^^^^^^^^^^^^^
  File "C:\Users\gupta\anaconda3\Lib\site-packages\pandas\core\groupby\ops.py", line 1039, in _cython_operation
    return cy_op.cython_operation(
           ^^^^^^^^^^^^^^^^^^^^^^^
  File "C:\Users\gupta\anaconda3\Lib\site-packages\pandas\core\groupby\ops.py", line 708, in cython_operation
    return self._cython_op_ndim_compat(
           ^^^^^^^^^^^^^^^^^^^^^^^^^^^^
  File "C:\Users\gupta\anaconda3\Lib\site-packages\pandas\core\groupby\ops.py", line 512, in _cython_op_ndim_compat
    res = self._call_cython_op(
          ^^^^^^^^^^^^^^^^^^^^^
  File "C:\Users\gupta\anaconda3\Lib\site-packages\pandas\core\groupby\ops.py", line 571, in _call_cython_op
    func = self._get_cython_function(self.kind, self.how, values.dtype, is_numeric)
           ^^^^^^^^^^^^^^^^^^^^^^^^^^^^^^^^^^^^^^^^^^^^^^^^^^^^^^^^^^^^^^^^^^^^^^^^
  File "C:\Users\gupta\anaconda3\Lib\site-packages\pandas\core\groupby\ops.py", line 192, in _get_cython_function
    raise NotImplementedError(
NotImplementedError: function is not implemented for this dtype: [how->mean,dtype->object]

During handling of the above exception, another exception occurred:

Traceback (most recent call last):
  File "C:\Users\gupta\anaconda3\Lib\site-packages\pandas\core\nanops.py", line 1630, in _ensure_numeric
    x = float(x)
        ^^^^^^^^
ValueError: could not convert string to float: '138,091'

During handling of the above exception, another exception occurred:

Traceback (most recent call last):
  File "C:\Users\gupta\anaconda3\Lib\site-packages\pandas\core\nanops.py", line 1634, in _ensure_numeric
    x = complex(x)
        ^^^^^^^^^^
ValueError: complex() arg is a malformed string

The above exception was the direct cause of the following exception:

Traceback (most recent call last):
  File "C:\Users\gupta\anaconda3\Lib\site-packages\pandasai\smart_datalake\__init__.py", line 337, in chat
    result = self._code_manager.execute_code(
             ^^^^^^^^^^^^^^^^^^^^^^^^^^^^^^^^
  File "C:\Users\gupta\anaconda3\Lib\site-packages\pandasai\helpers\code_manager.py", line 244, in execute_code
    return analyze_data(self._get_originals(dfs))
           ^^^^^^^^^^^^^^^^^^^^^^^^^^^^^^^^^^^^^^
  File "<string>", line 20, in analyze_data
  File "C:\Users\gupta\anaconda3\Lib\site-packages\pandas\core\groupby\groupby.py", line 2183, in mean
    result = self._cython_agg_general(
             ^^^^^^^^^^^^^^^^^^^^^^^^^
  File "C:\Users\gupta\anaconda3\Lib\site-packages\pandas\core\groupby\groupby.py", line 1810, in _cython_agg_general
    new_mgr = data.grouped_reduce(array_func, ignore_failures=ignore_failures)
              ^^^^^^^^^^^^^^^^^^^^^^^^^^^^^^^^^^^^^^^^^^^^^^^^^^^^^^^^^^^^^^^^
  File "C:\Users\gupta\anaconda3\Lib\site-packages\pandas\core\internals\base.py", line 199, in grouped_reduce
    res = func(arr)
          ^^^^^^^^^
  File "C:\Users\gupta\anaconda3\Lib\site-packages\pandas\core\groupby\groupby.py", line 1804, in array_func
    result = self._agg_py_fallback(values, ndim=data.ndim, alt=alt)
             ^^^^^^^^^^^^^^^^^^^^^^^^^^^^^^^^^^^^^^^^^^^^^^^^^^^^^^
  File "C:\Users\gupta\anaconda3\Lib\site-packages\pandas\core\groupby\groupby.py", line 1745, in _agg_py_fallback
    res_values = self.grouper.agg_series(ser, alt, preserve_dtype=True)
                 ^^^^^^^^^^^^^^^^^^^^^^^^^^^^^^^^^^^^^^^^^^^^^^^^^^^^^^
  File "C:\Users\gupta\anaconda3\Lib\site-packages\pandas\core\groupby\ops.py", line 1081, in agg_series
    result = self._aggregate_series_pure_python(obj, func)
             ^^^^^^^^^^^^^^^^^^^^^^^^^^^^^^^^^^^^^^^^^^^^^
  File "C:\Users\gupta\anaconda3\Lib\site-packages\pandas\core\groupby\ops.py", line 1104, in _aggregate_series_pure_python
    res = func(group)
          ^^^^^^^^^^^
  File "C:\Users\gupta\anaconda3\Lib\site-packages\pandas\core\groupby\groupby.py", line 2185, in <lambda>
    alt=lambda x: Series(x).mean(numeric_only=numeric_only_bool),
                  ^^^^^^^^^^^^^^^^^^^^^^^^^^^^^^^^^^^^^^^^^^^^^^
  File "C:\Users\gupta\anaconda3\Lib\site-packages\pandas\core\generic.py", line 11847, in mean
    return NDFrame.mean(self, axis, skipna, level, numeric_only, **kwargs)
           ^^^^^^^^^^^^^^^^^^^^^^^^^^^^^^^^^^^^^^^^^^^^^^^^^^^^^^^^^^^^^^^
  File "C:\Users\gupta\anaconda3\Lib\site-packages\pandas\core\generic.py", line 11401, in mean
    return self._stat_function(
           ^^^^^^^^^^^^^^^^^^^^
  File "C:\Users\gupta\anaconda3\Lib\site-packages\pandas\core\generic.py", line 11353, in _stat_function
    return self._reduce(
           ^^^^^^^^^^^^^
  File "C:\Users\gupta\anaconda3\Lib\site-packages\pandas\core\series.py", line 4816, in _reduce
    return op(delegate, skipna=skipna, **kwds)
           ^^^^^^^^^^^^^^^^^^^^^^^^^^^^^^^^^^^
  File "C:\Users\gupta\anaconda3\Lib\site-packages\pandas\core\nanops.py", line 93, in _f
    return f(*args, **kwargs)
           ^^^^^^^^^^^^^^^^^^
  File "C:\Users\gupta\anaconda3\Lib\site-packages\pandas\core\nanops.py", line 155, in f
    result = alt(values, axis=axis, skipna=skipna, **kwds)
             ^^^^^^^^^^^^^^^^^^^^^^^^^^^^^^^^^^^^^^^^^^^^^
  File "C:\Users\gupta\anaconda3\Lib\site-packages\pandas\core\nanops.py", line 418, in new_func
    result = func(values, axis=axis, skipna=skipna, mask=mask, **kwargs)
             ^^^^^^^^^^^^^^^^^^^^^^^^^^^^^^^^^^^^^^^^^^^^^^^^^^^^^^^^^^^
  File "C:\Users\gupta\anaconda3\Lib\site-packages\pandas\core\nanops.py", line 706, in nanmean
    the_sum = _ensure_numeric(values.sum(axis, dtype=dtype_sum))
              ^^^^^^^^^^^^^^^^^^^^^^^^^^^^^^^^^^^^^^^^^^^^^^^^^^
  File "C:\Users\gupta\anaconda3\Lib\site-packages\pandas\core\nanops.py", line 1637, in _ensure_numeric
    raise TypeError(f"Could not convert {x} to numeric") from err
TypeError: Could not convert 138,091 to numeric


Correct the python code and return a new python code that fixes the above mentioned error. Do not generate the same code again.

2023-10-09 14:02:58 [INFO] 
Code running:
```
def analyze_data(dfs: list[pd.DataFrame]) ->dict:
    """
    Analyze the data
    1. Prepare: Preprocessing and cleaning data if necessary
    2. Process: Manipulating data for analysis (grouping, filtering, aggregating, etc.)
    3. Analyze: Conducting the actual analysis (if the user asks to plot a chart save it to an image in temp_chart.png and do not show the chart.)
    At the end, return a dictionary of:
    - type (possible values "string", "number", "dataframe", "plot")
    - value (can be a string, a dataframe or the path of the plot, NOT a dictionary)
    Examples: 
        { "type": "string", "value": "The highest salary is $9,000." }
        or
        { "type": "number", "value": 125 }
        or
        { "type": "dataframe", "value": pd.DataFrame({...}) }
        or
        { "type": "plot", "value": "temp_chart.png" }
    """
    df = dfs[0]
    df['Weighted salary (US$)'] = df['Weighted salary (US$)'].str.replace(',', '').astype(float)
    avg_salary_by_rank = df.groupby('Rank in 2021')['Weighted salary (US$)'].mean()
    ax = avg_salary_by_rank.plot(kind='bar', figsize=(10, 6))
    ax.set_xlabel('Rank')
    ax.set_ylabel('Average Salary (US$)')
    ax.set_title('Average Salary by Rank')
    plt.savefig('temp_chart.png')
    plt.close()
    return {'type': 'plot', 'value': 'temp_chart.png'}
        ```
2023-10-09 14:02:59 [INFO] Answer: {'type': 'plot', 'value': 'temp_chart.png'}
2023-10-09 14:02:59 [INFO] Executed in: 107.31094694137573s
